Arguments: 
  /usr/local/bin/node /usr/local/Cellar/yarn/1.3.2/libexec/bin/yarn.js add babel-preset-env

PATH: 
  /usr/local/Cellar/varnish/5.1.3/sbin:/Library/Frameworks/Python.framework/Versions/3.5/bin:/usr/local/bin:/usr/local/bin:/usr/bin:/bin:/usr/sbin:/sbin:/usr/local/Cellar/varnish/5.1.3/sbin:/Library/Frameworks/Python.framework/Versions/3.5/bin

Yarn version: 
  1.3.2

Node version: 
  8.6.0

Platform: 
  darwin x64

npm manifest: 
  {
    "name": "demo1",
    "version": "1.0.0",
    "main": "index.js",
    "license": "MIT",
    "dependencies": {
      "node-sass": "^4.7.2",
      "react": "^16.2.0",
      "react-dom": "^16.2.0"
    }
  }

yarn manifest: 
  No manifest

Lockfile: 
  No lockfile

Trace: 
  Error: 140735515329344:error:1408F119:SSL routines:SSL3_GET_RECORD:decryption failed or bad record mac:../deps/openssl/openssl/ssl/s3_pkt.c:535:
